[    0.000000] Linux version 4.15.0-212-generic (buildd@lcy02-amd64-083) (gcc version 7.5.0 (Ubuntu 7.5.0-3ubuntu1~18.04)) #223-Ubuntu SMP Tue May 23 13:09:22 UTC 2023 (Ubuntu 4.15.0-212.223-generic 4.15.18)
[    0.000000] Command line: BOOT_IMAGE=/boot/vmlinuz-4.15.0-212-generic root=LABEL=cloudimg-rootfs ro console=tty1 console=ttyS0
[    0.000000] KERNEL supported cpus:
[    0.000000]   Intel GenuineIntel
[    0.000000]   AMD AuthenticAMD
[    0.000000]   Centaur CentaurHauls
[    0.000000] x86/fpu: x87 FPU will use FXSAVE
[    0.000000] e820: BIOS-provided physical RAM map:
[    0.000000] BIOS-e820: [mem 0x0000000000000000-0x000000000009fbff] usable
[    0.000000] BIOS-e820: [mem 0x000000000009fc00-0x000000000009ffff] reserved
[    0.000000] BIOS-e820: [mem 0x00000000000f0000-0x00000000000fffff] reserved
[    0.000000] BIOS-e820: [mem 0x0000000000100000-0x000000001ffeffff] usable
[    0.000000] BIOS-e820: [mem 0x000000001fff0000-0x000000001fffffff] ACPI data
[    0.000000] BIOS-e820: [mem 0x00000000fec00000-0x00000000fec00fff] reserved
[    0.000000] BIOS-e820: [mem 0x00000000fee00000-0x00000000fee00fff] reserved
[    0.000000] BIOS-e820: [mem 0x00000000fffc0000-0x00000000ffffffff] reserved
[    0.000000] NX (Execute Disable) protection: active
[    0.000000] SMBIOS 2.5 present.
[    0.000000] DMI: innotek GmbH VirtualBox/VirtualBox, BIOS VirtualBox 12/01/2006
[    0.000000] Hypervisor detected: KVM
[    0.000000] e820: last_pfn = 0x1fff0 max_arch_pfn = 0x400000000
[    0.000000] MTRR: Disabled
[    0.000000] x86/PAT: MTRRs disabled, skipping PAT initialization too.
[    0.000000] CPU MTRRs all blank - virtualized system.
[    0.000000] x86/PAT: Configuration [0-7]: WB  WT  UC- UC  WB  WT  UC- UC  
[    0.000000] found SMP MP-table at [mem 0x0009fff0-0x0009ffff]
[    0.000000] Scanning 1 areas for low memory corruption
[    0.000000] RAMDISK: [mem 0x1db01000-0x1ee12fff]
[    0.000000] ACPI: Early table checksum verification disabled
[    0.000000] ACPI: RSDP 0x00000000000E0000 000024 (v02 VBOX  )
[    0.000000] ACPI: XSDT 0x000000001FFF0030 00003C (v01 VBOX   VBOXXSDT 00000001 ASL  00000061)
[    0.000000] ACPI: FACP 0x000000001FFF00F0 0000F4 (v04 VBOX   VBOXFACP 00000001 ASL  00000061)
[    0.000000] ACPI: DSDT 0x000000001FFF0610 002353 (v02 VBOX   VBOXBIOS 00000002 INTL 20100528)
[    0.000000] ACPI: FACS 0x000000001FFF0200 000040
[    0.000000] ACPI: FACS 0x000000001FFF0200 000040
[    0.000000] ACPI: APIC 0x000000001FFF0240 000054 (v02 VBOX   VBOXAPIC 00000001 ASL  00000061)
[    0.000000] ACPI: SSDT 0x000000001FFF02A0 00036C (v01 VBOX   VBOXCPUT 00000002 INTL 20100528)
[    0.000000] ACPI: Reserving FACP table memory at [mem 0x1fff00f0-0x1fff01e3]
[    0.000000] ACPI: Reserving DSDT table memory at [mem 0x1fff0610-0x1fff2962]
[    0.000000] ACPI: Reserving FACS table memory at [mem 0x1fff0200-0x1fff023f]
[    0.000000] ACPI: Reserving FACS table memory at [mem 0x1fff0200-0x1fff023f]
[    0.000000] ACPI: Reserving APIC table memory at [mem 0x1fff0240-0x1fff0293]
[    0.000000] ACPI: Reserving SSDT table memory at [mem 0x1fff02a0-0x1fff060b]
[    0.000000] No NUMA configuration found
[    0.000000] Faking a node at [mem 0x0000000000000000-0x000000001ffeffff]
[    0.000000] NODE_DATA(0) allocated [mem 0x1ffc5000-0x1ffeffff]
[    0.000000] kvm-clock: cpu 0, msr 0:1ff44001, primary cpu clock
[    0.000000] kvm-clock: Using msrs 4b564d01 and 4b564d00
[    0.000000] kvm-clock: using sched offset of 4976995517 cycles
[    0.000000] clocksource: kvm-clock: mask: 0xffffffffffffffff max_cycles: 0x1cd42e4dffb, max_idle_ns: 881590591483 ns
[    0.000000] Zone ranges:
[    0.000000]   DMA      [mem 0x0000000000001000-0x0000000000ffffff]
[    0.000000]   DMA32    [mem 0x0000000001000000-0x000000001ffeffff]
[    0.000000]   Normal   empty
[    0.000000]   Device   empty
[    0.000000] Movable zone start for each node
[    0.000000] Early memory node ranges
[    0.000000]   node   0: [mem 0x0000000000001000-0x000000000009efff]
[    0.000000]   node   0: [mem 0x0000000000100000-0x000000001ffeffff]
[    0.000000] Reserved but unavailable: 104 pages
[    0.000000] Initmem setup node 0 [mem 0x0000000000001000-0x000000001ffeffff]
[    0.000000] ACPI: PM-Timer IO Port: 0x4008
[    0.000000] IOAPIC[0]: apic_id 1, version 32, address 0xfec00000, GSI 0-23
[    0.000000] ACPI: INT_SRC_OVR (bus 0 bus_irq 0 global_irq 2 dfl dfl)
[    0.000000] ACPI: INT_SRC_OVR (bus 0 bus_irq 9 global_irq 9 low level)
[    0.000000] Using ACPI (MADT) for SMP configuration information
[    0.000000] smpboot: Allowing 1 CPUs, 0 hotplug CPUs
[    0.000000] PM: Registered nosave memory: [mem 0x00000000-0x00000fff]
[    0.000000] PM: Registered nosave memory: [mem 0x0009f000-0x0009ffff]
[    0.000000] PM: Registered nosave memory: [mem 0x000a0000-0x000effff]
[    0.000000] PM: Registered nosave memory: [mem 0x000f0000-0x000fffff]
[    0.000000] e820: [mem 0x20000000-0xfebfffff] available for PCI devices
[    0.000000] Booting paravirtualized kernel on KVM
[    0.000000] clocksource: refined-jiffies: mask: 0xffffffff max_cycles: 0xffffffff, max_idle_ns: 7645519600211568 ns
[    0.000000] setup_percpu: NR_CPUS:8192 nr_cpumask_bits:1 nr_cpu_ids:1 nr_node_ids:1
[    0.000000] percpu: Embedded 50 pages/cpu s167936 r8192 d28672 u2097152
[    0.000000] PV qspinlock hash table entries: 256 (order: 0, 4096 bytes)
[    0.000000] Built 1 zonelists, mobility grouping on.  Total pages: 128889
[    0.000000] Policy zone: DMA32
[    0.000000] Kernel command line: BOOT_IMAGE=/boot/vmlinuz-4.15.0-212-generic root=LABEL=cloudimg-rootfs ro console=tty1 console=ttyS0
[    0.000000] Memory: 466748K/523832K available (12300K kernel code, 2477K rwdata, 4324K rodata, 2480K init, 2720K bss, 57084K reserved, 0K cma-reserved)
[    0.000000] SLUB: HWalign=64, Order=0-3, MinObjects=0, CPUs=1, Nodes=1
[    0.000000] ftrace: allocating 39508 entries in 155 pages
[    0.004000] Hierarchical RCU implementation.
[    0.004000] 	RCU restricting CPUs from NR_CPUS=8192 to nr_cpu_ids=1.
[    0.004000] 	Tasks RCU enabled.
[    0.004000] RCU: Adjusting geometry for rcu_fanout_leaf=16, nr_cpu_ids=1
[    0.004000] NR_IRQS: 524544, nr_irqs: 256, preallocated irqs: 16
[    0.004000] random: crng init done
[    0.004000] Console: colour VGA+ 80x25
[    0.004000] console [tty1] enabled
[    0.004000] console [ttyS0] enabled
[    0.004000] ACPI: Core revision 20170831
[    0.004000] ACPI: 2 ACPI AML tables successfully acquired and loaded
[    0.004000] APIC: Switch to symmetric I/O mode setup
[    0.008000] ..TIMER: vector=0x30 apic1=0 pin1=2 apic2=-1 pin2=-1
[    0.008012] tsc: Detected 3110.398 MHz processor
[    0.012010] Calibrating delay loop (skipped) preset value.. 6220.79 BogoMIPS (lpj=12441592)
[    0.016010] pid_max: default: 32768 minimum: 301
[    0.020045] Security Framework initialized
[    0.024010] Yama: becoming mindful.
[    0.028042] AppArmor: AppArmor initialized
[    0.032127] Dentry cache hash table entries: 65536 (order: 7, 524288 bytes)
[    0.036052] Inode-cache hash table entries: 32768 (order: 6, 262144 bytes)
[    0.040041] Mount-cache hash table entries: 1024 (order: 1, 8192 bytes)
[    0.044020] Mountpoint-cache hash table entries: 1024 (order: 1, 8192 bytes)
[    0.054415] Last level iTLB entries: 4KB 0, 2MB 0, 4MB 0
[    0.056009] Last level dTLB entries: 4KB 0, 2MB 0, 4MB 0, 1GB 0
[    0.060014] Spectre V1 : Mitigation: usercopy/swapgs barriers and __user pointer sanitization
[    0.064008] Spectre V2 : Mitigation: Enhanced IBRS
[    0.068008] Spectre V2 : Spectre v2 / SpectreRSB mitigation: Filling RSB on context switch
[    0.072006] Spectre V2 : Spectre v2 / PBRSB-eIBRS: Retire a single CALL on VMEXIT
[    0.076010] RETBleed: Mitigation: Enhanced IBRS
[    0.084006] Speculative Store Bypass: Vulnerable
[    0.095910] Freeing SMP alternatives memory: 36K
[    0.212005] APIC calibration not consistent with PM-Timer: 102ms instead of 100ms
[    0.216000] APIC delta adjusted to PM-Timer: 6314664 (6500371)
[    0.216343] smpboot: CPU0: 12th Gen Intel(R) Core(TM) i5-12500H (family: 0x6, model: 0x9a, stepping: 0x3)
[    0.220342] Performance Events: unsupported p6 CPU model 154 no PMU driver, software events only.
[    0.224098] Hierarchical SRCU implementation.
[    0.228680] NMI watchdog: Perf event create on CPU 0 failed with -2
[    0.232185] NMI watchdog: Perf NMI watchdog permanently disabled
[    0.236082] smp: Bringing up secondary CPUs ...
[    0.240005] smp: Brought up 1 node, 1 CPU
[    0.244009] smpboot: Max logical packages: 1
[    0.252011] smpboot: Total of 1 processors activated (6220.79 BogoMIPS)
[    0.256177] devtmpfs: initialized
[    0.260065] x86/mm: Memory block size: 128MB
[    0.264098] evm: security.selinux
[    0.268010] evm: security.SMACK64
[    0.272011] evm: security.SMACK64EXEC
[    0.276010] evm: security.SMACK64TRANSMUTE
[    0.280010] evm: security.SMACK64MMAP
[    0.284010] evm: security.apparmor
[    0.288006] evm: security.ima
[    0.292005] evm: security.capability
[    0.296191] clocksource: jiffies: mask: 0xffffffff max_cycles: 0xffffffff, max_idle_ns: 7645041785100000 ns
[    0.300031] futex hash table entries: 256 (order: 2, 16384 bytes)
[    0.304062] pinctrl core: initialized pinctrl subsystem
[    0.308418] RTC time: 21:24:25, date: 11/05/24
[    0.312239] NET: Registered protocol family 16
[    0.316126] audit: initializing netlink subsys (disabled)
[    0.320229] cpuidle: using governor ladder
[    0.324018] audit: type=2000 audit(1730841870.735:1): state=initialized audit_enabled=0 res=1
[    0.328023] cpuidle: using governor menu
[    0.332102] ACPI: bus type PCI registered
[    0.336011] acpiphp: ACPI Hot Plug PCI Controller Driver version: 0.5
[    0.340926] PCI: Using configuration type 1 for base access
[    0.344940] HugeTLB registered 2.00 MiB page size, pre-allocated 0 pages
[    0.348271] ACPI: Added _OSI(Module Device)
[    0.352012] ACPI: Added _OSI(Processor Device)
[    0.356012] ACPI: Added _OSI(3.0 _SCP Extensions)
[    0.360008] ACPI: Added _OSI(Processor Aggregator Device)
[    0.364024] ACPI: Added _OSI(Linux-Dell-Video)
[    0.368034] ACPI: Added _OSI(Linux-Lenovo-NV-HDMI-Audio)
[    0.372011] ACPI: Added _OSI(Linux-HPI-Hybrid-Graphics)
[    0.382073] ACPI: Executed 1 blocks of module-level executable AML code
[    0.393021] ACPI: Interpreter enabled
[    0.396029] ACPI: (supports S0 S5)
[    0.400010] ACPI: Using IOAPIC for interrupt routing
[    0.408955] PCI: Using host bridge windows from ACPI; if necessary, use "pci=nocrs" and report a bug
[    0.412650] ACPI: Enabled 2 GPEs in block 00 to 07
[    0.442866] ACPI: PCI Root Bridge [PCI0] (domain 0000 [bus 00-ff])
[    0.444021] acpi PNP0A03:00: _OSC: OS supports [ASPM ClockPM Segments MSI]
[    0.448821] acpi PNP0A03:00: _OSC: not requesting OS control; OS requires [ExtendedConfig ASPM ClockPM MSI]
[    0.452024] acpi PNP0A03:00: fail to add MMCONFIG information, can't access extended PCI configuration space under this bridge.
[    0.456699] PCI host bridge to bus 0000:00
[    0.460008] pci_bus 0000:00: root bus resource [io  0x0000-0x0cf7 window]
[    0.464010] pci_bus 0000:00: root bus resource [io  0x0d00-0xffff window]
[    0.468009] pci_bus 0000:00: root bus resource [mem 0x000a0000-0x000bffff window]
[    0.472011] pci_bus 0000:00: root bus resource [mem 0x20000000-0xfdffffff window]
[    0.476015] pci_bus 0000:00: root bus resource [bus 00-ff]
[    0.496323] pci 0000:00:01.1: legacy IDE quirk: reg 0x10: [io  0x01f0-0x01f7]
[    0.500010] pci 0000:00:01.1: legacy IDE quirk: reg 0x14: [io  0x03f6]
[    0.504013] pci 0000:00:01.1: legacy IDE quirk: reg 0x18: [io  0x0170-0x0177]
[    0.508014] pci 0000:00:01.1: legacy IDE quirk: reg 0x1c: [io  0x0376]
[    0.551687] pci 0000:00:07.0: quirk: [io  0x4000-0x403f] claimed by PIIX4 ACPI
[    0.556109] pci 0000:00:07.0: quirk: [io  0x4100-0x410f] claimed by PIIX4 SMB
[    0.582036] ACPI: PCI Interrupt Link [LNKA] (IRQs 5 9 10 *11)
[    0.585401] ACPI: PCI Interrupt Link [LNKB] (IRQs 5 9 *10 11)
[    0.588276] ACPI: PCI Interrupt Link [LNKC] (IRQs 5 *9 10 11)
[    0.592591] ACPI: PCI Interrupt Link [LNKD] (IRQs 5 9 10 *11)
[    0.596840] SCSI subsystem initialized
[    0.600228] pci 0000:00:02.0: vgaarb: setting as boot VGA device
[    0.604000] pci 0000:00:02.0: vgaarb: VGA device added: decodes=io+mem,owns=io+mem,locks=none
[    0.604014] pci 0000:00:02.0: vgaarb: bridge control possible
[    0.608012] vgaarb: loaded
[    0.612072] ACPI: bus type USB registered
[    0.616044] usbcore: registered new interface driver usbfs
[    0.620039] usbcore: registered new interface driver hub
[    0.624036] usbcore: registered new device driver usb
[    0.628133] EDAC MC: Ver: 3.0.0
[    0.637697] PCI: Using ACPI for IRQ routing
[    0.645697] NetLabel: Initializing
[    0.648010] NetLabel:  domain hash size = 128
[    0.652009] NetLabel:  protocols = UNLABELED CIPSOv4 CALIPSO
[    0.656041] NetLabel:  unlabeled traffic allowed by default
[    0.660196] clocksource: Switched to clocksource kvm-clock
[    0.772303] VFS: Disk quotas dquot_6.6.0
[    0.788271] VFS: Dquot-cache hash table entries: 512 (order 0, 4096 bytes)
[    0.806259] AppArmor: AppArmor Filesystem Enabled
[    0.814394] pnp: PnP ACPI init
[    0.827414] pnp: PnP ACPI: found 3 devices
[    0.851578] clocksource: acpi_pm: mask: 0xffffff max_cycles: 0xffffff, max_idle_ns: 2085701024 ns
[    0.865804] NET: Registered protocol family 2
[    0.869746] IP idents hash table entries: 8192 (order: 4, 65536 bytes)
[    0.885798] TCP established hash table entries: 4096 (order: 3, 32768 bytes)
[    0.898804] TCP bind hash table entries: 4096 (order: 4, 65536 bytes)
[    0.912210] TCP: Hash tables configured (established 4096 bind 4096)
[    0.919627] UDP hash table entries: 256 (order: 1, 8192 bytes)
[    0.924545] UDP-Lite hash table entries: 256 (order: 1, 8192 bytes)
[    0.930105] NET: Registered protocol family 1
[    0.938093] pci 0000:00:00.0: Limiting direct PCI/PCI transfers
[    0.950768] pci 0000:00:01.0: Activating ISA DMA hang workarounds
[    0.966488] pci 0000:00:02.0: Video device with shadowed ROM at [mem 0x000c0000-0x000dffff]
[    0.985089] Unpacking initramfs...
[    2.092014] Freeing initrd memory: 19528K
[    2.100236] clocksource: tsc: mask: 0xffffffffffffffff max_cycles: 0x2cd5a646d7e, max_idle_ns: 440795273267 ns
[    2.113400] platform rtc_cmos: registered platform RTC device (no PNP device found)
[    2.119418] Scanning for low memory corruption every 60 seconds
[    2.131610] Initialise system trusted keyrings
[    2.141677] Key type blacklist registered
[    2.152399] workingset: timestamp_bits=36 max_order=17 bucket_order=0
[    2.171678] zbud: loaded
[    2.179305] squashfs: version 4.0 (2009/01/31) Phillip Lougher
[    2.192320] fuse init (API version 7.26)
[    2.205282] Key type asymmetric registered
[    2.217587] Asymmetric key parser 'x509' registered
[    2.229660] Block layer SCSI generic (bsg) driver version 0.4 loaded (major 246)
[    2.248022] io scheduler noop registered
[    2.258398] io scheduler deadline registered
[    2.269002] io scheduler cfq registered (default)
[    2.280697] ACPI: AC Adapter [AC] (on-line)
[    2.283592] input: Power Button as /devices/LNXSYSTM:00/LNXPWRBN:00/input/input0
[    2.290520] ACPI: Power Button [PWRF]
[    2.293698] input: Sleep Button as /devices/LNXSYSTM:00/LNXSLPBN:00/input/input1
[    2.301371] ACPI: Sleep Button [SLPF]
[    2.311235] ACPI: Battery Slot [BAT0] (battery present)
[    2.325757] Serial: 8250/16550 driver, 32 ports, IRQ sharing enabled
[    2.390577] 00:02: ttyS0 at I/O 0x3f8 (irq = 4, base_baud = 115200) is a 16550A
[    2.413105] Linux agpgart interface v0.103
[    2.432004] loop: module loaded
[    2.446062] scsi host0: ata_piix
[    2.454029] scsi host1: ata_piix
[    2.459635] ata1: PATA max UDMA/33 cmd 0x1f0 ctl 0x3f6 bmdma 0xd000 irq 14
[    2.473446] ata2: PATA max UDMA/33 cmd 0x170 ctl 0x376 bmdma 0xd008 irq 15
[    2.496031] tun: Universal TUN/TAP device driver, 1.6
[    2.508811] PPP generic driver version 2.4.2
[    2.516424] ehci_hcd: USB 2.0 'Enhanced' Host Controller (EHCI) Driver
[    2.531938] ehci-pci: EHCI PCI platform driver
[    2.542041] ehci-platform: EHCI generic platform driver
[    2.548637] ohci_hcd: USB 1.1 'Open' Host Controller (OHCI) Driver
[    2.560794] ohci-pci: OHCI PCI platform driver
[    2.571782] ohci-platform: OHCI generic platform driver
[    2.584192] uhci_hcd: USB Universal Host Controller Interface driver
[    2.600236] i8042: PNP: PS/2 Controller [PNP0303:PS2K,PNP0f03:PS2M] at 0x60,0x64 irq 1,12
[    2.630507] serio: i8042 KBD port at 0x60,0x64 irq 1
[    2.641655] serio: i8042 AUX port at 0x60,0x64 irq 12
[    2.763613] mousedev: PS/2 mouse device common for all mice
[    2.779898] input: AT Translated Set 2 keyboard as /devices/platform/i8042/serio0/input/input2
[    2.804612] rtc_cmos rtc_cmos: rtc core: registered rtc_cmos as rtc0
[    2.821564] rtc_cmos rtc_cmos: alarms up to one day, 114 bytes nvram
[    2.829469] i2c /dev entries driver
[    2.834468] device-mapper: uevent: version 1.0.3
[    2.843085] device-mapper: ioctl: 4.37.0-ioctl (2017-09-20) initialised: dm-devel@redhat.com
[    2.859901] ledtrig-cpu: registered to indicate activity on CPUs
[    2.874677] NET: Registered protocol family 10
[    2.894027] Segment Routing with IPv6
[    2.904083] NET: Registered protocol family 17
[    2.913801] Key type dns_resolver registered
[    2.921496] mce: Using 0 MCE banks
[    2.928626] RAS: Correctable Errors collector initialized.
[    2.935755] sched_clock: Marking stable (2935666185, 0)->(5021012067, -2085345882)
[    2.951394] registered taskstats version 1
[    2.962587] Loading compiled-in X.509 certificates
[    2.974743] Loaded X.509 cert 'Build time autogenerated kernel key: b5b26778eaa3ab3a4a6cee031137706e947d12ad'
[    2.995071] Loaded X.509 cert 'Canonical Ltd. Live Patch Signing: 14df34d1a87cf37625abec039ef2bf521249b969'
[    3.011919] Loaded X.509 cert 'Canonical Ltd. Kernel Module Signing: 88f752e560a1e0737e31163a466ad7b70a850c19'
[    3.036021] blacklist: Loading compiled-in revocation X.509 certificates
[    3.052730] Loaded X.509 cert 'Canonical Ltd. Secure Boot Signing: 61482aa2830d0ab2ad5af10b7250da9033ddcef0'
[    3.068181] Loaded X.509 cert 'Canonical Ltd. Secure Boot Signing (2017): 242ade75ac4a15e50d50c84b0d45ff3eae707a03'
[    3.093991] Loaded X.509 cert 'Canonical Ltd. Secure Boot Signing (ESM 2018): 365188c1d374d6b07c3c8f240f8ef722433d6a8b'
[    3.106847] Loaded X.509 cert 'Canonical Ltd. Secure Boot Signing (2019): c0746fd6c5da3ae827864651ad66ae47fe24b3e8'
[    3.123862] Loaded X.509 cert 'Canonical Ltd. Secure Boot Signing (2021 v1): a8d54bbb3825cfb94fa13c9f8a594a195c107b8d'
[    3.135170] Loaded X.509 cert 'Canonical Ltd. Secure Boot Signing (2021 v2): 4cf046892d6fd3c9a5b03f98d845f90851dc6a8c'
[    3.149090] Loaded X.509 cert 'Canonical Ltd. Secure Boot Signing (2021 v3): 100437bb6de6e469b581e61cd66bce3ef4ed53af'
[    3.172852] Loaded X.509 cert 'Canonical Ltd. Secure Boot Signing (Ubuntu Core 2019): c1d57b8f6b743f23ee41f4f7ee292f06eecadfb9'
[    3.187659] zswap: loaded using pool lzo/zbud
[    3.208179] Key type big_key registered
[    3.218235] Key type trusted registered
[    3.232116] Key type encrypted registered
[    3.238170] AppArmor: AppArmor sha1 policy hashing enabled
[    3.247738] ima: No TPM chip found, activating TPM-bypass! (rc=-19)
[    3.260942] ima: Allocated hash algorithm: sha1
[    3.270654] evm: HMAC attrs: 0x1
[    3.281569]   Magic number: 0:11:449
[    3.291103] rtc_cmos rtc_cmos: setting system clock to 2024-11-05 21:24:29 UTC (1730841869)
[    3.310962] BIOS EDD facility v0.16 2004-Jun-25, 0 devices found
[    3.324849] EDD information not available.
[    3.342194] Freeing unused kernel image memory: 2480K
[    3.356386] Write protecting the kernel read-only data: 20480k
[    3.362841] Freeing unused kernel image memory: 2008K
[    3.375211] Freeing unused kernel image memory: 1820K
[    3.395031] x86/mm: Checked W+X mappings: passed, no W+X pages found.
Loading, please wait...
starting version 237
[    3.610682] e1000: Intel(R) PRO/1000 Network Driver - version 7.3.21-k8-NAPI
[    3.620423] e1000: Copyright (c) 1999-2006 Intel Corporation.
[    3.630291] Fusion MPT base driver 3.04.20
[    3.640108] Copyright (c) 1999-2008 LSI Corporation
[    3.723065] SSE version of gcm_enc/dec engaged.
[    3.780245] Fusion MPT SPI Host driver 3.04.20
[    3.970347] input: ImExPS/2 Generic Explorer Mouse as /devices/platform/i8042/serio1/input/input4
[    4.973169] e1000 0000:00:03.0 eth0: (PCI:33MHz:32-bit) 02:3b:7b:b7:3b:2d
[    4.990138] e1000 0000:00:03.0 eth0: Intel(R) PRO/1000 Network Connection
[    5.012130] e1000 0000:00:03.0 enp0s3: renamed from eth0
[    5.022608] mptbase: ioc0: Initiating bringup
[    5.138533] ioc0: LSI53C1030 A0: Capabilities={Initiator}
[    5.421637] scsi host2: ioc0: LSI53C1030 A0, FwRev=00000000h, Ports=1, MaxQ=256, IRQ=20
[    5.610090] scsi 2:0:0:0: Direct-Access     VBOX     HARDDISK         1.0  PQ: 0 ANSI: 5
[    5.627029] scsi target2:0:0: Beginning Domain Validation
[    5.653930] scsi target2:0:0: Domain Validation skipping write tests
[    5.669336] scsi target2:0:0: Ending Domain Validation
[    5.681839] scsi target2:0:0: asynchronous
[    5.690515] scsi 2:0:1:0: Direct-Access     VBOX     HARDDISK         1.0  PQ: 0 ANSI: 5
[    5.710591] scsi target2:0:1: Beginning Domain Validation
[    5.727119] scsi target2:0:1: Domain Validation skipping write tests
[    5.738748] scsi target2:0:1: Ending Domain Validation
[    5.752768] scsi target2:0:1: asynchronous
[    5.784670] sd 2:0:0:0: [sda] 83886080 512-byte logical blocks: (42.9 GB/40.0 GiB)
[    5.803719] sd 2:0:0:0: Attached scsi generic sg0 type 0
[    5.816526] sd 2:0:1:0: Attached scsi generic sg1 type 0
[    5.833442] sd 2:0:1:0: [sdb] 20480 512-byte logical blocks: (10.5 MB/10.0 MiB)
[    5.846826] sd 2:0:0:0: [sda] Write Protect is off
[    5.852328] sd 2:0:0:0: [sda] Incomplete mode parameter data
[    5.858385] sd 2:0:0:0: [sda] Assuming drive cache: write through
[    5.868010] sd 2:0:1:0: [sdb] Write Protect is off
[    5.880997] sd 2:0:1:0: [sdb] Incomplete mode parameter data
[    5.885727] sd 2:0:1:0: [sdb] Assuming drive cache: write through
[    5.899794]  sda: sda1
[    5.915377] sd 2:0:0:0: [sda] Attached SCSI disk
[    5.939071] sd 2:0:1:0: [sdb] Attached SCSI disk
Begin: Loading essential drivers ... [    8.784188] raid6: sse2x1   gen()  6586 MB/s
[    8.844140] raid6: sse2x1   xor()  4413 MB/s
[    8.908362] raid6: sse2x2   gen()  8457 MB/s
[    8.980280] raid6: sse2x2   xor()  5926 MB/s
[    9.044252] raid6: sse2x4   gen()  9426 MB/s
[    9.108137] raid6: sse2x4   xor()  5130 MB/s
[    9.119112] raid6: using algorithm sse2x4 gen() 9426 MB/s
[    9.132537] raid6: .... xor() 5130 MB/s, rmw enabled
[    9.144536] raid6: using ssse3x2 recovery algorithm
[    9.155461] xor: measuring software checksum speed
[    9.272097]    prefetch64-sse: 28257.000 MB/sec
[    9.386735]    generic_sse: 39923.000 MB/sec
[    9.390988] xor: using function: generic_sse (39923.000 MB/sec)
[    9.401847] async_tx: api initialized (async)
done.
Begin: Running /scripts/init-premount ... done.
Begin: Mounting root file system ... Begin: Running /scripts/local-top ... done.
Begin: Running /scripts/local-premount ... [    9.527137] Btrfs loaded, crc32c=crc32c-intel
Scanning for Btrfs filesystems
done.
Warning: fsck not present, so skipping root file system
[    9.635054] EXT4-fs (sda1): mounted filesystem with ordered data mode. Opts: (null)
done.
Begin: Running /scripts/local-bottom ... done.
Begin: Running /scripts/init-bottom ... done.
[   10.168496] ip_tables: (C) 2000-2006 Netfilter Core Team
[   10.188661] systemd[1]: systemd 237 running in system mode. (+PAM +AUDIT +SELINUX +IMA +APPARMOR +SMACK +SYSVINIT +UTMP +LIBCRYPTSETUP +GCRYPT +GNUTLS +ACL +XZ +LZ4 +SECCOMP +BLKID +ELFUTILS +KMOD -IDN2 +IDN -PCRE2 default-hierarchy=hybrid)
[   10.214537] systemd[1]: Detected virtualization oracle.
[   10.218732] systemd[1]: Detected architecture x86-64.

Welcome to [1mUbuntu 18.04.6 LTS[0m!

[   10.242261] systemd[1]: Set hostname to <ubuntu>.
[   10.258944] systemd[1]: Initializing machine ID from random generator.
[   10.269000] systemd[1]: Installed transient /etc/machine-id file.
[   10.845038] systemd[1]: Created slice User and Session Slice.
[[0;32m  OK  [0m] Created slice User and Session Slice.
[   10.853952] systemd[1]: Reached target User and Group Name Lookups.
[[0;32m  OK  [0m] Reached target User and Group Name Lookups.
[   10.862106] systemd[1]: Reached target System Time Synchronized.
[[0;32m  OK  [0m] Reached target System Time Synchronized.
[   10.869955] systemd[1]: Set up automount Arbitrary Executable File Formats File System Automount Point.
[[0;32m  OK  [0m] Set up automount Arbitrary Executab…rmats File System Automount Point.
[[0;32m  OK  [0m] Created slice System Slice.
[[0;32m  OK  [0m] Listening on LVM2 poll daemon socket.
[[0;32m  OK  [0m] Listening on Journal Socket (/dev/log).
[[0;32m  OK  [0m] Listening on udev Kernel Socket.
[[0;32m  OK  [0m] Reached target Slices.
[[0;32m  OK  [0m] Listening on LVM2 metadata daemon socket.
[[0;32m  OK  [0m] Listening on Journal Socket.
         Starting Load Kernel Modules...
         Mounting POSIX Message Queue File System...[   10.978840] Loading iSCSI transport class v2.0-870.

[[0;32m  OK  [0m] Listening on Device-mapper event daemon FIFOs.
         Starting Uncomplicated firewall...
         Mounting Huge Pages File System...[   11.045998] iscsi: registered transport (tcp)

         Mounting Kernel Debug File System...
[[0;32m  OK  [0m] Listening on fsck to fsckd communication Socket.
         Starting File System Check on Root Device...
[[0;32m  OK  [0m] Created slice system-serial\x2dgetty.slice.
         Starting Set the console keyboard layout...[   11.160264] iscsi: registered transport (iser)

         Starting Monitoring of LVM2 mirrors…ng dmeventd or progress polling...
[[0;32m  OK  [0m] Listening on Journal Audit Socket.
[[0;32m  OK  [0m] Reached target Mounting snaps.
[[0;32m  OK  [0m] Started Forward Password Requests to Wall Directory Watch.
[[0;32m  OK  [0m] Reached target Mounted snaps.
         Starting Create list of required st…ce nodes for the current kernel...
[[0;32m  OK  [0m] Listening on /dev/initctl Compatibility Named Pipe.
[[0;32m  OK  [0m] Listening on Syslog Socket.
         Starting Journal Service...
[[0;32m  OK  [0m] Listening on udev Control Socket.
         Starting udev Coldplug all Devices...
[[0;32m  OK  [0m] Reached target Swap.
[[0;32m  OK  [0m] Listening on Network Service Netlink Socket.
[[0;32m  OK  [0m] Started Load Kernel Modules.
[[0;32m  OK  [0m] Mounted POSIX Message Queue File System.
[[0;32m  OK  [0m] Started Uncomplicated firewall.
[[0;32m  OK  [0m] Mounted Huge Pages File System.
[[0;32m  OK  [0m] Mounted Kernel Debug File System.
[[0;32m  OK  [0m] Started File System Check on Root Device.
[[0;32m  OK  [0m] Started Create list of required sta…vice nodes for the current kernel.
[[0;32m  OK  [0m] Started LVM2 metadata daemon.
[[0;32m  OK  [0m] Started File System Check Daemon to report status.
         Starting Create Static Device Nodes in /dev...
         Starting Remount Root and Kernel File Systems...
         Starting Apply Kernel Variables...
         Mounting FUSE Control File System...
         Mounting Kernel Configuration File System...
[[0;32m  OK  [0m] Started Journal Service.
[[0;32m  OK  [0m] Started Monitoring of LVM2 mirrors,…sing dmeventd or progress polling.
[[0;32m  OK  [0m] Mounted FUSE Control File System.
[[0;32m  OK  [0m] Mounted Kernel Configuration File System.
[[0;32m  OK  [0m] Started Create Static Device Nodes in /dev.
[[0;32m  OK  [0m] Started udev Coldplug all Devices.
[[0;32m  OK  [0m] Started Apply Kernel Variables.
[[0;32m  OK  [0m] Started Remount Root and Kernel File Systems.
         Starting Load/Save Random Seed...
         Starting Flush Journal to Persistent Storage...
         Starting udev Kernel Device Manager...
[[0;32m  OK  [0m] Started Load/Save Random Seed.
[[0;32m  OK  [0m] Started udev Kernel Device Manager.
[[0;32m  OK  [0m] Started Flush Journal to Persistent Storage.
[[0;32m  OK  [0m] Found device /dev/ttyS0.
[[0;32m  OK  [0m] Listening on Load/Save RF Kill Switch Status /dev/rfkill Watch.
[[0;32m  OK  [0m] Started Set the console keyboard layout.
[[0;32m  OK  [0m] Started Dispatch Password Requests to Console Directory Watch.
[[0;32m  OK  [0m] Reached target Local Encrypted Volumes.
[[0;32m  OK  [0m] Reached target Local File Systems (Pre).
[[0;32m  OK  [0m] Reached target Local File Systems.
         Starting Tell Plymouth To Write Out Runtime Data...
         Starting Create Volatile Files and Directories...
         Starting AppArmor initialization...
         Starting Commit a transient machine-id on disk...
         Starting ebtables ruleset management...
         Starting Set console font and keymap...
[[0;32m  OK  [0m] Started Tell Plymouth To Write Out Runtime Data.
[[0;32m  OK  [0m] Started Create Volatile Files and Directories.
         Starting Update UTMP about System Boot/Shutdown...
[[0;32m  OK  [0m] Started Commit a transient machine-id on disk.
[[0;32m  OK  [0m] Started Update UTMP about System Boot/Shutdown.
[[0;32m  OK  [0m] Started ebtables ruleset management.
         Mounting Arbitrary Executable File Formats File System...
[[0;32m  OK  [0m] Mounted Arbitrary Executable File Formats File System.
[[0;32m  OK  [0m] Started AppArmor initialization.
         Starting Load AppArmor profiles managed internally by snapd...
         Starting Initial cloud-init job (pre-networking)...
[[0;32m  OK  [0m] Started Load AppArmor profiles managed internally by snapd.
[[0;32m  OK  [0m] Started Set console font and keymap.
[   21.386264] cloud-init[770]: Cloud-init v. 23.1.2-0ubuntu0~18.04.1 running 'init-local' at Tue, 05 Nov 2024 21:24:46 +0000. Up 20.74 seconds.
[[0;32m  OK  [0m] Started Initial cloud-init job (pre-networking).
[[0;32m  OK  [0m] Reached target Network (Pre).
         Starting Network Service...
[[0;32m  OK  [0m] Started Network Service.
         Starting Wait for Network to be Configured...
         Starting Network Name Resolution...
[[0;32m  OK  [0m] Started Network Name Resolution.
[[0;32m  OK  [0m] Reached target Host and Network Name Lookups.
[[0;32m  OK  [0m] Reached target Network.
[[0;32m  OK  [0m] Started Wait for Network to be Configured.
         Starting Initial cloud-init job (metadata service crawler)...
[   24.427566] cloud-init[904]: Cloud-init v. 23.1.2-0ubuntu0~18.04.1 running 'init' at Tue, 05 Nov 2024 21:24:50 +0000. Up 24.16 seconds.
[   24.451693] cloud-init[904]: ci-info: ++++++++++++++++++++++++++++++++++++++Net device info++++++++++++++++++++++++++++++++++++++
[   24.463971] cloud-init[904]: ci-info: +--------+------+----------------------------+---------------+--------+-------------------+
[   24.480860] cloud-init[904]: ci-info: | Device |  Up  |          Address           |      Mask     | Scope  |     Hw-Address    |
[   24.500529] cloud-init[904]: ci-info: +--------+------+----------------------------+---------------+--------+-------------------+
[   24.517908] cloud-init[904]: ci-info: | enp0s3 | True |         10.0.2.15          | 255.255.255.0 | global | 02:3b:7b:b7:3b:2d |
[   24.550421] cloud-init[904]: ci-info: | enp0s3 | True | fe80::3b:7bff:feb7:3b2d/64 |       .       |  link  | 02:3b:7b:b7:3b:2d |
[   24.573443] cloud-init[904]: ci-info: |   lo   | True |         127.0.0.1          |   255.0.0.0   |  host  |         .         |
[   24.586717] cloud-init[904]: ci-info: |   lo   | True |          ::1/128           |       .       |  host  |         .         |
[   24.598010] cloud-init[904]: ci-info: +--------+------+----------------------------+---------------+--------+-------------------+
[   24.624681] cloud-init[904]: ci-info: ++++++++++++++++++++++++++++Route IPv4 info+++++++++++++++++++++++++++++
[   24.640983] cloud-init[904]: ci-info: +-------+-------------+----------+-----------------+-----------+-------+
[   24.656775] cloud-init[904]: ci-info: | Route | Destination | Gateway  |     Genmask     | Interface | Flags |
[   24.676696] cloud-init[904]: ci-info: +-------+-------------+----------+-----------------+-----------+-------+
[   24.704799] cloud-init[904]: ci-info: |   0   |   0.0.0.0   | 10.0.2.2 |     0.0.0.0     |   enp0s3  |   UG  |
[   24.716942] cloud-init[904]: ci-info: |   1   |   10.0.2.0  | 0.0.0.0  |  255.255.255.0  |   enp0s3  |   U   |
[   24.730240] cloud-init[904]: ci-info: |   2   |   10.0.2.2  | 0.0.0.0  | 255.255.255.255 |   enp0s3  |   UH  |
[   24.747175] cloud-init[904]: ci-info: +-------+-------------+----------+-----------------+-----------+-------+
[   24.764674] cloud-init[904]: ci-info: +++++++++++++++++++Route IPv6 info+++++++++++++++++++
[   24.788491] cloud-init[904]: ci-info: +-------+-------------+---------+-----------+-------+
[   24.814233] cloud-init[904]: ci-info: | Route | Destination | Gateway | Interface | Flags |
[   24.826626] cloud-init[904]: ci-info: +-------+-------------+---------+-----------+-------+
[   24.843724] cloud-init[904]: ci-info: |   1   |  fe80::/64  |    ::   |   enp0s3  |   U   |
[   24.867516] cloud-init[904]: ci-info: |   3   |    local    |    ::   |   enp0s3  |   U   |
[   24.882077] cloud-init[904]: ci-info: |   4   |   ff00::/8  |    ::   |   enp0s3  |   U   |
[   24.904568] cloud-init[904]: ci-info: +-------+-------------+---------+-----------+-------+
[   26.822077] cloud-init[904]: Generating public/private rsa key pair.
[   26.849450] cloud-init[904]: Your identification has been saved in /etc/ssh/ssh_host_rsa_key.
[   26.873618] cloud-init[904]: Your public key has been saved in /etc/ssh/ssh_host_rsa_key.pub.
[   26.896453] cloud-init[904]: The key fingerprint is:
[   26.916404] cloud-init[904]: SHA256:o/z4yKlGVQfZx232ifhHxm6YX0EQ65+Xuze1mguoJg4 root@ubuntu-bionic
[   26.945873] cloud-init[904]: The key's randomart image is:
[[0;32m  OK  [0m] [   26.960811] cloud-init[904]: Started Initial cloud-init job (metadata service crawler).+---[RSA 2048]----+
[[0;32m  OK  [0m
[   26.986800] ] Reached target System Initialization.
[[0;32m  OK  [0m] Listening on ACPID Listen Socket.
cloud-init[904]: |        .+ . +o  |[[0;32m  OK  [0m] 
[   27.016207] Started Message of the Day.
[[0;32m  OK  [0mcloud-init[904]: ] Listening on UUID daemon activation socket.|        o o o =. |
[   27.038031] cloud-init
[[0;32m  OK  [0m] [904]: |       . . ..++..|
Listening on Open-iSCSI iscsid Socket.
[[0;32m  OK  [0m] Started Discard unused blocks once a week.
[   27.052607] cloud-init[904]: |      .    ... *.|[[0;32m  OK  [0m
] Listening on D-Bus System Message Bus Socket.[   27.079268] cloud-init[904]: |     .  S   ..* .|
         
[   27.092902] cloud-initStarting Socket activation for snappy daemon.
[904]: |    .. . ..  +.+=|
         Starting LXD - unix socket.[   27.114734] cloud-init
[[0;32m  OK  [0m] Listening on cloud-init hotplug hook socket.[904]: 
[|   E  o  . .  ++=|[0;32m  OK  [0m] Started Ubuntu Advantage Timer for running repeated jobs.
[   27.166064] cloud-init
[[904]: |    oo *.   . .++|
[0;32m  OK  [0m] Started Daily apt download activities.[   27.182172] cloud-init
[[904]: |   .ooBoo    +oo+|[0;32m  OK  [0m] 
[   27.198139] Started Daily apt upgrade and clean activities.
cloud-init[904]: +----[SHA256]-----+
[   27.209553] cloud-init[904]: Generating public/private dsa key pair.
[[0;32m  OK  [0m] Started ACPI Events Check.[   27.230028] cloud-init[904]: Your identification has been saved in /etc/ssh/ssh_host_dsa_key.
[[0;32m  OK  [0m] Reached target Paths.

[   27.254565] [[0;32m  OK  [0mcloud-init[904]: Your public key has been saved in /etc/ssh/ssh_host_dsa_key.pub.] Started Daily Cleanup of Temporary Directories.
[
[   27.279195] [0;32m  OK  [0m] cloud-init[904]: The key fingerprint is:Reached target Timers.
[[0;32m  OK  [0m] 
[   27.299128] cloud-init[904]: SHA256:W8I0frSLrJC274+WD84SbSz2pm/XmApIsQ9ZOzOqlxs root@ubuntu-bionicReached target Cloud-config availability.
[[0;32m  OK  [0m] Reached target Network is Online.
[   27.318008] cloud-init[904]: The key's randomart image is:

[   27.328882] cloud-init[[0;32m  OK  [0m] Reached target Remote File Systems (Pre).[904]: +---[DSA 1024]----+
[   27.346179] 
[[0;32m  OK  [0mcloud-init[904]: |                 |] Reached target Remote File Systems.
[   27.369064] cloud-init[904]: 
         Starting Availability of block devices...|                 |
[[0;32m  OK  [0m] 
[   27.399543] Listening on Socket activation for snappy daemon.
[[0;32m  OK  [0m] Listening on LXD - unix socket.cloud-init[904]: 
|  . .   o .      |[[0;32m  OK  [0m] Started Availability of block devices.
[   27.441614] cloud-init
[[0;32m  OK  [0m] Reached target Sockets.[904]: 
[|   = . + o .     |
[0;32m  OK  [0m] Reached target Basic System.[   27.482331] 
cloud-init[[904]: |  = =o  S +      |[0;32m  OK  [0m] Started FUSE filesystem for LXC.
         Starting LXD - container startup/shutdown...
[   27.523621] 
[[0;32m  OK  [0m] Reached target Login Prompts (Pre).
cloud-init[904]: | . =+=+. * .     |
[   27.568512] cloud-init[904]: |  Eo*=..++.      |
[   27.591855] cloud-init[904]: | .oo.**++ .      |
[   27.606789] cloud-init[904]: |....oXX=o        |
[   27.615512] cloud-init[904]: +----[SHA256]-----+
[   27.621954] cloud-init[904]: Generating public/private ecdsa key pair.
[   27.625989] cloud-init[904]: Your identification has been saved in /etc/ssh/ssh_host_ecdsa_key.
[   27.635255] cloud-init[904]: Your public key has been saved in /etc/ssh/ssh_host_ecdsa_key.pub.
[   27.652414] cloud-init[[0;32m  OK  [0m] Started Regular background program processing daemon.[904]: 
The key fingerprint is:         Starting Login Service...
         Starting Accounts Service...

         Starting System Logging Service...
[[0;32m  OK  [0m] Started Deferred execution scheduler.[   27.739642] 
         cloud-initStarting Virtualbox guest utils...[904]: 
SHA256:i+wuyKxHQqlXTLql+iBa2LyciurrozXTO1F6WRtU9Pg root@ubuntu-bionic         Starting LSB: Record successful boot for GRUB...
         Starting LSB: automatic crash report generation...

[   27.830387] cloud-init[904]: The key's randomart image is:
[   27.851787] cloud-init[904]: +---[ECDSA 256]---+
[   27.873888] cloud-init[904]: |         oo      |
[   27.905582] cloud-init[904]: |    .   .  o     |
[   27.936599] cloud-init[904]: |  .+   .  . .    |
[[0;32m  OK  [0m] Started irqbalance daemon.[   27.974806] 
cloud-init[904]: | o. + . o  .     |
[   28.008899] cloud-init[904]: |o  = o oSo  E    |
[   28.044021] cloud-init[904]: |o+=.o.o...       |
         Starting Pollinate to seed the pseudo random number generator...
[   28.096868] cloud-init[[0;32m  OK  [0m] [904]: |+BB..oo .        |Started D-Bus System Message Bus.

[   28.161811] cloud-init[904]: |=*==oo           |
[   28.206463] cloud-init[[0;32m  OK  [0m] Started Login Service.[904]: |%OB .+o          |
         Starting Dispatcher daemon for systemd-networkd...

[[0;32m  OK  [0m] Started Unattended Upgrades Shutdown.
[   28.283742]          Starting Permit User Sessions...
cloud-init[904]: +----[SHA256]-----+
[   28.340469] cloud-init[904]:          Starting Snap Daemon...
[[0;32m  OK  [0m] Started System Logging Service.
Generating public/private ed25519 key pair.
[   28.500862] cloud-init[[0;32m  OK  [0m] Started Permit User Sessions.
         Starting Hold until boot process finishes up...
[904]:          Starting Terminate Plymouth Boot Screen...
         Starting Authorization Manager...
Your identification has been saved in /etc/ssh/ssh_host_ed25519_key.[[0;32m  OK  [0m] Started Terminate Plymouth Boot Screen.
[[0;32m  OK  [0m] Started Hold until boot process finishes up.
         Starting Set console scheme...
[[0;32m  OK  [0m] Started Serial Getty on ttyS0.

[   28.756232] cloud-init[[0;32m  OK  [0m] Started LSB: Record successful boot for GRUB.[904]: 
[[0;32m  OK  [0m] Started Set console scheme.
[[0;32m  OK  [0m] Your public key has been saved in /etc/ssh/ssh_host_ed25519_key.pub.Created slice system-getty.slice.
[[0;32m  OK  [0m] Started Getty on tty1.
[[0;32m  OK  [0m] Reached target Login Prompts.
[[0;32m  OK  [0m] Started LXD - container startup/shutdown.

[[0;32m  OK  [0m] Started LSB: automatic crash report generation.
[   28.966564] cloud-init[904]: The key fingerprint is:
[   29.017023] cloud-init[904]: SHA256:vPc4yaV7qYutTu1cGphOUa/lns3LsDozOup2FF56Pdc root@ubuntu-bionic
[   29.070568] cloud-init[904]: The key's randomart image is:
[   29.120442] cloud-init[904]: +--[ED25519 256]--+
[   29.150028] cloud-init[904]: [[0;32m  OK  [0m] Started Authorization Manager.
[[0;32m  OK  [0m|                 |] Started Accounts Service.

[   29.217254] cloud-init[904]: |                 |
[   29.237985] cloud-init[904]: |          .      |
[   29.272712] cloud-init[904]: |       .....     |
[   29.292803] cloud-init[904]: |       .S+ .o  . |
[   29.320292] cloud-init[904]: |        +*.++ . E|
[   29.330648] cloud-init[904]: |       .*o=+++   |
[   29.347803] cloud-init[904]: |      .+o*OBoB   |
[   29.376657] cloud-init[904]: |     oo+*+@@= =. |
[   29.415027] cloud-init[904]: +----[SHA256]-----+
[[0;32m  OK  [0m] Started Virtualbox guest utils.
[[0;32m  OK  [0m] Started Dispatcher daemon for systemd-networkd.
[[0;32m  OK  [0m] Started Pollinate to seed the pseudo random number generator.
         Starting OpenBSD Secure Shell server...
[[0;32m  OK  [0m] Started OpenBSD Secure Shell server.
[[0;32m  OK  [0m] Started Snap Daemon.
         Starting Wait until snapd is fully seeded...
[[0;32m  OK  [0m] Created slice User Slice of vagrant.
         Starting User Manager for UID 1000...
[[0;32m  OK  [0m] Started Session 1 of user vagrant.
[[0;32m  OK  [0m] Started User Manager for UID 1000.
         Starting Time & Date Service...
[[0;32m  OK  [0m] Started Time & Date Service.

Ubuntu 18.04.6 LTS ubuntu-bionic ttyS0

ubuntu-bionic login: [   43.345116] cloud-init[1462]: Cloud-init v. 23.1.2-0ubuntu0~18.04.1 running 'modules:config' at Tue, 05 Nov 2024 21:25:04 +0000. Up 38.48 seconds.
ci-info: no authorized SSH keys fingerprints found for user ubuntu.
<14>Nov  5 21:25:11 cloud-init: #############################################################
<14>Nov  5 21:25:11 cloud-init: -----BEGIN SSH HOST KEY FINGERPRINTS-----
<14>Nov  5 21:25:12 cloud-init: 1024 SHA256:W8I0frSLrJC274+WD84SbSz2pm/XmApIsQ9ZOzOqlxs root@ubuntu-bionic (DSA)
<14>Nov  5 21:25:12 cloud-init: 256 SHA256:i+wuyKxHQqlXTLql+iBa2LyciurrozXTO1F6WRtU9Pg root@ubuntu-bionic (ECDSA)
<14>Nov  5 21:25:12 cloud-init: 256 SHA256:vPc4yaV7qYutTu1cGphOUa/lns3LsDozOup2FF56Pdc root@ubuntu-bionic (ED25519)
<14>Nov  5 21:25:12 cloud-init: 2048 SHA256:o/z4yKlGVQfZx232ifhHxm6YX0EQ65+Xuze1mguoJg4 root@ubuntu-bionic (RSA)
<14>Nov  5 21:25:12 cloud-init: -----END SSH HOST KEY FINGERPRINTS-----
<14>Nov  5 21:25:12 cloud-init: #############################################################
-----BEGIN SSH HOST KEY KEYS-----
ecdsa-sha2-nistp256 AAAAE2VjZHNhLXNoYTItbmlzdHAyNTYAAAAIbmlzdHAyNTYAAABBBEyjsT4aARqVifp17pHAejjWzMLSg1MsO1h64ojvfW8GPfITRgKqtGX53BU+hfV6EFTgLWBnuQgf6G9epzkj6oc= root@ubuntu-bionic
ssh-ed25519 AAAAC3NzaC1lZDI1NTE5AAAAIBBG70qHEmItkGdCiwUNWnDyMH92oiPl+mFVYdBJbxxk root@ubuntu-bionic
ssh-rsa AAAAB3NzaC1yc2EAAAADAQABAAABAQDoVN9KZ7ErtZuzfXfsyu2eccZKpKiwRfhjCVhiuUs+iuCDdj281VPFCwVDAzlXGKnZ7pDAhi8I38T3KJEvrcgqwsHBVYZEQJqDrhn0UR4ipNHRuoRAvpdRz/ulZLqSrrMji64uYlgiVI73sQlB8mnuRadz4NwgunsdOJyBsSnhhEY5HWGNmTAQhAMxX6pJa1ouAVo6xsmIjttTZ7SIURdPhgVBOHOfmXEk8kauijs4AHB2rMmSqOsCawNinBvo7Aar/u89IygZFJ86lPLTsEdU2WltvTDKLS6aDt1OED1y0Lmw4WDpvHZXKXADsTk7hf2+pHWY/nSseZfJ46ylpYjv root@ubuntu-bionic
-----END SSH HOST KEY KEYS-----
[   46.076829] cloud-init[1703]: Cloud-init v. 23.1.2-0ubuntu0~18.04.1 running 'modules:final' at Tue, 05 Nov 2024 21:25:11 +0000. Up 45.37 seconds.
[   46.102524] cloud-init[1703]: Cloud-init v. 23.1.2-0ubuntu0~18.04.1 finished at Tue, 05 Nov 2024 21:25:12 +0000. Datasource DataSourceNoCloud [seed=/dev/sdb][dsmode=net].  Up 46.06 seconds
